<?xml version="1.0" encoding="UTF-8"?>
<testsuite name="qx.leizige.gradle.example.app.MessageUtilsTest" tests="1" skipped="0" failures="0" errors="0" timestamp="2022-07-03T13:08:16" hostname="mac.local" time="0.008">
  <properties/>
  <testcase name="testGetMessage()" classname="qx.leizige.gradle.example.app.MessageUtilsTest" time="0.008"/>
  <system-out><![CDATA[]]></system-out>
  <system-err><![CDATA[]]></system-err>
</testsuite>
